<?xml version="1.0" encoding="UTF-8"?>
<!-- Generated by org.testng.reporters.JUnitReportReporter -->
<testsuite hostname="Pritam" failures="0" tests="1" name="Pack1.TestNG" time="0.009" errors="0" timestamp="2024-03-26T21:50:08 IST" skipped="0">
  <testcase classname="Pack1.TestNG" name="test" time="0.009"/>
</testsuite> <!-- Pack1.TestNG -->
